2023-07-29 16:31:55,412 : INFO : C:\Users\AHMADKHAN\Desktop\Escodeen\Bank_details\DB_file.py : Got file list from source file location
2023-07-29 16:31:55,412 : INFO : C:\Users\AHMADKHAN\Desktop\Escodeen\Bank_details\DB_file.py : connecting to database...
2023-07-29 16:31:55,459 : INFO : C:\Users\AHMADKHAN\Desktop\Escodeen\Bank_details\DB_file.py : connection sucessfully done.... 
2023-07-29 16:31:55,459 : INFO : C:\Users\AHMADKHAN\Desktop\Escodeen\Bank_details\DB_file.py : database already created
2023-07-29 16:31:55,474 : INFO : C:\Users\AHMADKHAN\Desktop\Escodeen\Bank_details\DB_file.py : connected to the database.... 
2023-07-29 16:31:55,474 : INFO : main.py : Calling  sourcce data location file
2023-07-29 16:31:57,161 : INFO : C:\Users\AHMADKHAN\Desktop\Escodeen\Bank_details\Source_file_location.py : got file location from user
2023-07-29 16:31:57,161 : INFO : C:\Users\AHMADKHAN\Desktop\Escodeen\Bank_details\Source_file_location.py : Directory path is set to C:\Users\AHMADKHAN\Desktop\Escodeen\Bank_details\Source_file
2023-07-29 16:31:57,161 : INFO : C:\Users\AHMADKHAN\Desktop\Escodeen\Bank_details\Source_file_location.py : File location check 
2023-07-29 16:31:57,161 : INFO : C:\Users\AHMADKHAN\Desktop\Escodeen\Bank_details\Source_file_location.py : File location is not empty
2023-07-29 16:31:57,161 : INFO : C:\Users\AHMADKHAN\Desktop\Escodeen\Bank_details\Source_file_location.py : Retirning file list to database file
2023-07-29 16:31:57,161 : INFO : main.py : calling DB ffile with source file list
2023-07-29 16:31:57,161 : INFO : C:\Users\AHMADKHAN\Desktop\Escodeen\Bank_details\DB_file.py : table Business_loan.csv already in database
2023-07-29 16:31:57,161 : INFO : C:\Users\AHMADKHAN\Desktop\Escodeen\Bank_details\DB_file.py : inserting data into Business_loan.csv database
2023-07-29 16:31:57,161 : INFO : C:\Users\AHMADKHAN\Desktop\Escodeen\Bank_details\DB_file.py : inserting data into Business_loan.csv database
2023-07-29 16:31:57,161 : INFO : C:\Users\AHMADKHAN\Desktop\Escodeen\Bank_details\DB_file.py : inserting data into Business_loan.csv database
2023-07-29 16:31:57,161 : INFO : C:\Users\AHMADKHAN\Desktop\Escodeen\Bank_details\DB_file.py : inserting data into Business_loan.csv database
2023-07-29 16:31:57,161 : INFO : C:\Users\AHMADKHAN\Desktop\Escodeen\Bank_details\DB_file.py : table Customer.csv already created
2023-07-29 16:31:57,177 : INFO : C:\Users\AHMADKHAN\Desktop\Escodeen\Bank_details\DB_file.py : data insertinng into Customer.csv tables
2023-07-29 16:31:57,177 : INFO : C:\Users\AHMADKHAN\Desktop\Escodeen\Bank_details\DB_file.py : data insertinng into Customer.csv tables
2023-07-29 16:31:57,177 : INFO : C:\Users\AHMADKHAN\Desktop\Escodeen\Bank_details\DB_file.py : data insertinng into Customer.csv tables
2023-07-29 16:31:57,177 : INFO : C:\Users\AHMADKHAN\Desktop\Escodeen\Bank_details\DB_file.py : data insertinng into Customer.csv tables
2023-07-29 16:31:57,177 : INFO : C:\Users\AHMADKHAN\Desktop\Escodeen\Bank_details\DB_file.py : table {i} already available in database
2023-07-29 16:31:57,177 : INFO : C:\Users\AHMADKHAN\Desktop\Escodeen\Bank_details\DB_file.py : data inserting in Home_loan.csv table
2023-07-29 16:31:57,177 : INFO : C:\Users\AHMADKHAN\Desktop\Escodeen\Bank_details\DB_file.py : data inserting in Home_loan.csv table
2023-07-29 16:31:57,177 : INFO : C:\Users\AHMADKHAN\Desktop\Escodeen\Bank_details\DB_file.py : data inserting in Home_loan.csv table
2023-07-29 16:31:57,177 : INFO : C:\Users\AHMADKHAN\Desktop\Escodeen\Bank_details\DB_file.py : data inserting in Home_loan.csv table
2023-07-29 16:31:57,177 : INFO : main.py : Calling user input method
2023-07-29 16:32:01,194 : INFO : C:\Users\AHMADKHAN\Desktop\Escodeen\Bank_details\DB_file.py : taking user id from requester
2023-07-29 16:32:07,426 : INFO : main.py : Calling user input method
2023-07-29 16:32:10,048 : INFO : C:\Users\AHMADKHAN\Desktop\Escodeen\Bank_details\DB_file.py : taking user id from requester
